
Showing logs for build [32mjstrachan-nodey430-master-td8f6-3[0m stage [32mfrom-build-pack[0m and container [32mstep-credential-initializer-6dbfz[0m
{"level":"warn","ts":1583912890.367556,"logger":"fallback-logger","caller":"logging/config.go:69","msg":"Fetch GitHub commit ID from kodata failed: \"ref: refs/heads/0.8.0-**-support-backwards-incompats\" is not a valid GitHub commit ID"}
{"level":"info","ts":1583912890.3703105,"logger":"fallback-logger","caller":"creds-init/main.go:40","msg":"Credentials initialized."}

Showing logs for build [32mjstrachan-nodey430-master-td8f6-3[0m stage [32mfrom-build-pack[0m and container [32mstep-working-dir-initializer-f744c[0m
{"level":"warn","ts":1583912891.6227694,"logger":"fallback-logger","caller":"logging/config.go:69","msg":"Fetch GitHub commit ID from kodata failed: open /var/run/ko/HEAD: no such file or directory"}
{"level":"info","ts":1583912891.6244464,"logger":"fallback-logger","caller":"bash/main.go:64","msg":"Successfully executed command \"sh -c mkdir -p /workspace/source\"; output "}

Showing logs for build [32mjstrachan-nodey430-master-td8f6-3[0m stage [32mfrom-build-pack[0m and container [32mstep-place-tools[0m

Showing logs for build [32mjstrachan-nodey430-master-td8f6-3[0m stage [32mfrom-build-pack[0m and container [32mstep-git-source-jstrachan-nodey430-master-td8f6-xw5c4[0m
{"level":"warn","ts":1583912897.6000996,"logger":"fallback-logger","caller":"logging/config.go:69","msg":"Fetch GitHub commit ID from kodata failed: \"ref: refs/heads/0.8.0-**-support-backwards-incompats\" is not a valid GitHub commit ID"}
{"level":"info","ts":1583912899.4188998,"logger":"fallback-logger","caller":"git/git.go:103","msg":"Successfully cloned https://github.com/*********/nodey430.git @ v0.0.3 in path /workspace/source"}

Showing logs for build [32mjstrachan-nodey430-master-td8f6-3[0m stage [32mfrom-build-pack[0m and container [32mstep-git-merge[0m
Using SHAs from PULL_REFS=master:
WARNING: no SHAs to merge, falling back to initial cloned commit

Showing logs for build [32mjstrachan-nodey430-master-td8f6-3[0m stage [32mfrom-build-pack[0m and container [32mstep-setup-jx-git-credentials[0m
Generated Git credentials file /workspace/xdg_config/git/credentials

Showing logs for build [32mjstrachan-nodey430-master-td8f6-3[0m stage [32mfrom-build-pack[0m and container [32mstep-build-npmrc[0m
Command "credential" is deprecated, it will be removed on Jun 1 2020.  This is replaced by Tekton's mounted secrets
WARNING: failed to find Secret npm-token in namespace **

Showing logs for build [32mjstrachan-nodey430-master-td8f6-3[0m stage [32mfrom-build-pack[0m and container [32mstep-build-npm-install[0m
npm notice created a lockfile as package-lock.json. You should commit this file.
npm WARN REPLACE_ME@1.0.0 No repository field.
npm WARN REPLACE_ME@1.0.0 No license field.

up to date in 0.473s
found 0 vulnerabilities


Showing logs for build [32mjstrachan-nodey430-master-td8f6-3[0m stage [32mfrom-build-pack[0m and container [32mstep-build-npm-test[0m

> REPLACE_ME@1.0.0 test /workspace/source
> echo "no test specified" && exit 0

no test specified

Showing logs for build [32mjstrachan-nodey430-master-td8f6-3[0m stage [32mfrom-build-pack[0m and container [32mstep-build-container-build[0m
[36mINFO[0m[0000] Downloading base image node:9-slim           
2020/03/11 07:48:26 No matching credentials were found, falling back on anonymous
[36mINFO[0m[0001] Error while retrieving image from cache: getting file info: stat /workspace/sha256:0e0175bbe4f8d9d104590d8d2c591017874e30977cb71aaff1cf6fa99479575c: no such file or directory 
[36mINFO[0m[0001] Downloading base image node:9-slim           
2020/03/11 07:48:28 No matching credentials were found, falling back on anonymous
[36mINFO[0m[0002] Executing 0 build triggers                   
[36mINFO[0m[0002] cmd: EXPOSE                                  
[36mINFO[0m[0002] Adding exposed port: 8080/tcp                
[36mINFO[0m[0002] Using files from context: [/workspace/source] 
[36mINFO[0m[0002] Skipping unpacking as no commands require it. 
[36mINFO[0m[0002] Taking snapshot of full filesystem...        
[36mINFO[0m[0002] ENV PORT 8080                                
[36mINFO[0m[0002] No files changed in this command, skipping snapshotting. 
[36mINFO[0m[0002] EXPOSE 8080                                  
[36mINFO[0m[0002] cmd: EXPOSE                                  
[36mINFO[0m[0002] Adding exposed port: 8080/tcp                
[36mINFO[0m[0002] No files changed in this command, skipping snapshotting. 
[36mINFO[0m[0002] WORKDIR /usr/src/app                         
[36mINFO[0m[0002] cmd: workdir                                 
[36mINFO[0m[0002] Changed working directory to /usr/src/app    
[36mINFO[0m[0002] Creating directory /usr/src/app              
[36mINFO[0m[0002] Taking snapshot of files...                  
[36mINFO[0m[0002] Using files from context: [/workspace/source] 
[36mINFO[0m[0002] COPY . .                                     
[36mINFO[0m[0002] Taking snapshot of files...                  
[36mINFO[0m[0002] CMD ["npm", "start"]                         
[36mINFO[0m[0002] No files changed in this command, skipping snapshotting. 
2020/03/11 07:48:29 existing blob: sha256:e01bd28a434b56ffd2a3fe9aa99b9b69aecca69904843edd30b1ee7150d79904
2020/03/11 07:48:29 existing blob: sha256:196b8e3c919d5639193ba6c6e54774528942041bbc37606631a2250502985c3c
2020/03/11 07:48:29 existing blob: sha256:7d083412657baa2dafba8d093034ef26f9ed2c90fb6ed95f76bb55aff03ed429
2020/03/11 07:48:29 existing blob: sha256:5bba3ecb4cd6374a19da45f2a3db0a9c0804984358b3bb4b666c28944016e5ff
2020/03/11 07:48:29 existing blob: sha256:a88538b9cd05cfa611e43a25582a95ad7879f6fa708b0386a26b71ee62235bb3
2020/03/11 07:48:29 pushed blob: sha256:bf755d64ce3d4223167de811633369ec44f272709cbd2dfef7f338b6c933dd65
2020/03/11 07:48:29 pushed blob: sha256:2bfb51884e7123fbcc5a39bb485b510a2eab8fb06b3e54c175e5e095263d4122
2020/03/11 07:48:29 pushed blob: sha256:11c4d634c3428e43d4c0b03c789685aa912d005c0e99b2bae1d3000f87bf707f
2020/03/11 07:48:29 192.168.1.64:5000/myproject/nodey430:0.0.3: digest: sha256:4374e7ebe739a0a0a9f532f69c7210d6843d6353d2cb8069f5026b931f3c32f1 size: 1404

Showing logs for build [32mjstrachan-nodey430-master-td8f6-3[0m stage [32mfrom-build-pack[0m and container [32mstep-build-post-build[0m
no CVE provider running in the current ** namespace so skip adding image to be analysed

Showing logs for build [32mjstrachan-nodey430-master-td8f6-3[0m stage [32mfrom-build-pack[0m and container [32mstep-promote-changelog[0m
Converted /workspace/source/charts/nodey430 to an unshallow repository
Generating change log from git ref 393573e842e8f5e41e0e452b30d2483a6b28a139 => d3f30a5b9e7e67b70fb514c5bd86b3a0f3992c7a
WARNING: No release found for *********/nodey430 and tag v0.0.3 so creating a new release
Updated the release information at https://github.com/*********/nodey430/releases/tag/v0.0.3
generated: /workspace/source/charts/nodey430/templates/release.yaml
Created Release nodey430-0-0-3 resource in namespace **
Updating PipelineActivity *********-nodey430-master-3 with version 0.0.3
Updated PipelineActivities *********-nodey430-master-3 with release notes URL: https://github.com/*********/nodey430/releases/tag/v0.0.3

Showing logs for build [32mjstrachan-nodey430-master-td8f6-3[0m stage [32mfrom-build-pack[0m and container [32mstep-promote-helm-release[0m
Adding missing Helm repo: storage.googleapis.com https://storage.googleapis.com/chartmuseum.jenkins-x.io
Successfully added Helm repository storage.googleapis.com.
Adding missing Helm repo: bucketrepo http://bucketrepo/bucketrepo/charts/
Successfully added Helm repository bucketrepo.
WARNING: Could not load Secret jenkins-x-chartmuseum or jenkins-x-bucketrepo in namespace **: secrets "jenkins-x-bucketrepo" not found
error: No environment variable $CHARTMUSEUM_CREDS_USR defined
[31m
Pipeline failed on stage 'from-build-pack' : container 'step-promote-helm-release'. The execution of the pipeline has stopped.[0m
