
Showing logs for build [32mjstrachan-nodey430-master-6dght-5[0m stage [32mfrom-build-pack[0m and container [32mstep-credential-initializer-qbnp8[0m
{"level":"warn","ts":1583918029.1798825,"logger":"fallback-logger","caller":"logging/config.go:69","msg":"Fetch GitHub commit ID from kodata failed: \"ref: refs/heads/0.8.0-**-support-backwards-incompats\" is not a valid GitHub commit ID"}
{"level":"info","ts":1583918029.1808412,"logger":"fallback-logger","caller":"creds-init/main.go:40","msg":"Credentials initialized."}

Showing logs for build [32mjstrachan-nodey430-master-6dght-5[0m stage [32mfrom-build-pack[0m and container [32mstep-working-dir-initializer-7jmwm[0m
{"level":"warn","ts":1583918030.637389,"logger":"fallback-logger","caller":"logging/config.go:69","msg":"Fetch GitHub commit ID from kodata failed: open /var/run/ko/HEAD: no such file or directory"}
{"level":"info","ts":1583918030.6394258,"logger":"fallback-logger","caller":"bash/main.go:64","msg":"Successfully executed command \"sh -c mkdir -p /workspace/source\"; output "}

Showing logs for build [32mjstrachan-nodey430-master-6dght-5[0m stage [32mfrom-build-pack[0m and container [32mstep-place-tools[0m

Showing logs for build [32mjstrachan-nodey430-master-6dght-5[0m stage [32mfrom-build-pack[0m and container [32mstep-git-source-jstrachan-nodey430-master-6dght-vm5b8[0m
{"level":"warn","ts":1583918036.6978123,"logger":"fallback-logger","caller":"logging/config.go:69","msg":"Fetch GitHub commit ID from kodata failed: \"ref: refs/heads/0.8.0-**-support-backwards-incompats\" is not a valid GitHub commit ID"}
{"level":"info","ts":1583918037.940645,"logger":"fallback-logger","caller":"git/git.go:103","msg":"Successfully cloned https://github.com/*********/nodey430.git @ v0.0.5 in path /workspace/source"}

Showing logs for build [32mjstrachan-nodey430-master-6dght-5[0m stage [32mfrom-build-pack[0m and container [32mstep-git-merge[0m
Using SHAs from PULL_REFS=master:
WARNING: no SHAs to merge, falling back to initial cloned commit

Showing logs for build [32mjstrachan-nodey430-master-6dght-5[0m stage [32mfrom-build-pack[0m and container [32mstep-setup-jx-git-credentials[0m
Generated Git credentials file /workspace/xdg_config/git/credentials

Showing logs for build [32mjstrachan-nodey430-master-6dght-5[0m stage [32mfrom-build-pack[0m and container [32mstep-build-npmrc[0m
Command "credential" is deprecated, it will be removed on Jun 1 2020.  This is replaced by Tekton's mounted secrets
WARNING: failed to find Secret npm-token in namespace **

Showing logs for build [32mjstrachan-nodey430-master-6dght-5[0m stage [32mfrom-build-pack[0m and container [32mstep-build-npm-install[0m
npm notice created a lockfile as package-lock.json. You should commit this file.
npm WARN REPLACE_ME@1.0.0 No repository field.
npm WARN REPLACE_ME@1.0.0 No license field.

up to date in 1.285s
found 0 vulnerabilities


Showing logs for build [32mjstrachan-nodey430-master-6dght-5[0m stage [32mfrom-build-pack[0m and container [32mstep-build-npm-test[0m

> REPLACE_ME@1.0.0 test /workspace/source
> echo "no test specified" && exit 0

no test specified

Showing logs for build [32mjstrachan-nodey430-master-6dght-5[0m stage [32mfrom-build-pack[0m and container [32mstep-build-container-build[0m
[36mINFO[0m[0000] Downloading base image node:9-slim           
2020/03/11 09:14:07 No matching credentials were found, falling back on anonymous
[36mINFO[0m[0001] Error while retrieving image from cache: getting file info: stat /workspace/sha256:0e0175bbe4f8d9d104590d8d2c591017874e30977cb71aaff1cf6fa99479575c: no such file or directory 
[36mINFO[0m[0001] Downloading base image node:9-slim           
2020/03/11 09:14:08 No matching credentials were found, falling back on anonymous
[36mINFO[0m[0002] Executing 0 build triggers                   
[36mINFO[0m[0002] cmd: EXPOSE                                  
[36mINFO[0m[0002] Adding exposed port: 8080/tcp                
[36mINFO[0m[0002] Using files from context: [/workspace/source] 
[36mINFO[0m[0002] Skipping unpacking as no commands require it. 
[36mINFO[0m[0002] Taking snapshot of full filesystem...        
[36mINFO[0m[0002] ENV PORT 8080                                
[36mINFO[0m[0002] No files changed in this command, skipping snapshotting. 
[36mINFO[0m[0002] EXPOSE 8080                                  
[36mINFO[0m[0002] cmd: EXPOSE                                  
[36mINFO[0m[0002] Adding exposed port: 8080/tcp                
[36mINFO[0m[0002] No files changed in this command, skipping snapshotting. 
[36mINFO[0m[0002] WORKDIR /usr/src/app                         
[36mINFO[0m[0002] cmd: workdir                                 
[36mINFO[0m[0002] Changed working directory to /usr/src/app    
[36mINFO[0m[0002] Creating directory /usr/src/app              
[36mINFO[0m[0002] Taking snapshot of files...                  
[36mINFO[0m[0002] Using files from context: [/workspace/source] 
[36mINFO[0m[0002] COPY . .                                     
[36mINFO[0m[0002] Taking snapshot of files...                  
[36mINFO[0m[0002] CMD ["npm", "start"]                         
[36mINFO[0m[0002] No files changed in this command, skipping snapshotting. 
2020/03/11 09:14:10 existing blob: sha256:e01bd28a434b56ffd2a3fe9aa99b9b69aecca69904843edd30b1ee7150d79904
2020/03/11 09:14:10 existing blob: sha256:196b8e3c919d5639193ba6c6e54774528942041bbc37606631a2250502985c3c
2020/03/11 09:14:10 existing blob: sha256:5bba3ecb4cd6374a19da45f2a3db0a9c0804984358b3bb4b666c28944016e5ff
2020/03/11 09:14:10 existing blob: sha256:a88538b9cd05cfa611e43a25582a95ad7879f6fa708b0386a26b71ee62235bb3
2020/03/11 09:14:10 existing blob: sha256:7d083412657baa2dafba8d093034ef26f9ed2c90fb6ed95f76bb55aff03ed429
2020/03/11 09:14:10 pushed blob: sha256:83d7ffa31fb79e70295e9cb8ab1738a32497f774368771f987fadb77852dac54
2020/03/11 09:14:10 pushed blob: sha256:516ce690e809688a90502c32b3895b9206f2f3ecd637e92abb26b90b0f426103
2020/03/11 09:14:10 pushed blob: sha256:0303b3f510a125ed0de4c63a5c21533159e8bfc518d240b82659f15edb487334
2020/03/11 09:14:10 192.168.1.64:5000/myproject/nodey430:0.0.5: digest: sha256:50ee75355afed47b368b02d3feffffc98ef15d91d98adc0cfe9724a8ad3996df size: 1404

Showing logs for build [32mjstrachan-nodey430-master-6dght-5[0m stage [32mfrom-build-pack[0m and container [32mstep-build-post-build[0m
no CVE provider running in the current ** namespace so skip adding image to be analysed

Showing logs for build [32mjstrachan-nodey430-master-6dght-5[0m stage [32mfrom-build-pack[0m and container [32mstep-promote-changelog[0m
Converted /workspace/source/charts/nodey430 to an unshallow repository
Generating change log from git ref 140f2b710303c8b900a1a6fa9fa97bf768da37f0 => 398eff5d60a276222c76150923832fa7e0f11e3d
WARNING: No release found for *********/nodey430 and tag v0.0.5 so creating a new release
Updated the release information at https://github.com/*********/nodey430/releases/tag/v0.0.5
generated: /workspace/source/charts/nodey430/templates/release.yaml
Created Release nodey430-0-0-5 resource in namespace **
Updating PipelineActivity *********-nodey430-master-5 with version 0.0.5
Updated PipelineActivities *********-nodey430-master-5 with release notes URL: https://github.com/*********/nodey430/releases/tag/v0.0.5

Showing logs for build [32mjstrachan-nodey430-master-6dght-5[0m stage [32mfrom-build-pack[0m and container [32mstep-promote-helm-release[0m
Adding missing Helm repo: storage.googleapis.com https://storage.googleapis.com/chartmuseum.jenkins-x.io
Successfully added Helm repository storage.googleapis.com.
Adding missing Helm repo: bucketrepo http://bucketrepo/bucketrepo/charts/
Successfully added Helm repository bucketrepo.
Uploading chart file nodey430-0.0.5.tgz to http://bucketrepo/bucketrepo/charts/api/charts
Received 200 response: 

Showing logs for build [32mjstrachan-nodey430-master-6dght-5[0m stage [32mfrom-build-pack[0m and container [32mstep-promote-jx-promote[0m
WARNING: prow based install so skip waiting for the merge of Pull Requests to go green as currently there is an issue with gettingstatuses from the PR, see https://github.com/jenkins-x/**/issues/2410
WARNING: No $CHART_REPOSITORY defined so using the default value of: http://jenkins-x-chartmuseum:8080
Promoting app nodey430 version 0.0.5 to namespace **-staging
WARNING: 
Created Pull Request: https://github.com/*********/environment-kind-staging/pull/1
Added label updatebot to Pull Request https://github.com/*********/environment-kind-staging/pull/1
WARNING: Failed to query the Pull Request last commit status for https://github.com/*********/environment-kind-staging/pull/1 ref 84914c9146d3d41596868b1410455f4e1a5c83ef Could not find a status for repository *********/environment-kind-staging with ref 84914c9146d3d41596868b1410455f4e1a5c83ef
WARNING: Failed to query the Pull Request last commit status for https://github.com/*********/environment-kind-staging/pull/1 ref 84914c9146d3d41596868b1410455f4e1a5c83ef Could not find a status for repository *********/environment-kind-staging with ref 84914c9146d3d41596868b1410455f4e1a5c83ef
WARNING: Failed to query the Pull Request last commit status for https://github.com/*********/environment-kind-staging/pull/1 ref 84914c9146d3d41596868b1410455f4e1a5c83ef Could not find a status for repository *********/environment-kind-staging with ref 84914c9146d3d41596868b1410455f4e1a5c83ef
WARNING: Failed to query the Pull Request last commit status for https://github.com/*********/environment-kind-staging/pull/1 ref 84914c9146d3d41596868b1410455f4e1a5c83ef Could not find a status for repository *********/environment-kind-staging with ref 84914c9146d3d41596868b1410455f4e1a5c83ef
WARNING: Failed to query the Pull Request last commit status for https://github.com/*********/environment-kind-staging/pull/1 ref 84914c9146d3d41596868b1410455f4e1a5c83ef Could not find a status for repository *********/environment-kind-staging with ref 84914c9146d3d41596868b1410455f4e1a5c83ef
WARNING: Failed to query the Pull Request last commit status for https://github.com/*********/environment-kind-staging/pull/1 ref 84914c9146d3d41596868b1410455f4e1a5c83ef Could not find a status for repository *********/environment-kind-staging with ref 84914c9146d3d41596868b1410455f4e1a5c83ef
Pull Request https://github.com/*********/environment-kind-staging/pull/1 is merged at sha 2bd925b001c4ae83517cf23763ebde4b007d31c9
Pull Request merged but we are not waiting for the update pipeline to complete!
WARNING: Could not find the service URL in namespace **-staging for names nodey430, **-nodey430, **-staging-nodey430
